<?xml version="1.0" encoding="UTF-8"?>
<testng-results skipped="0" failed="0" ignored="0" total="1" passed="1">
  <reporter-output>
  </reporter-output>
  <suite name="Default suite" duration-ms="48581" started-at="2021-06-08T20:41:02Z" finished-at="2021-06-08T20:41:50Z">
    <groups>
    </groups>
    <test name="Default test" duration-ms="48581" started-at="2021-06-08T20:41:02Z" finished-at="2021-06-08T20:41:50Z">
      <class name="testsB.ProfileChanges">
        <test-method status="PASS" signature="createDriver()[pri:0, instance:testsB.ProfileChanges@47c62251]" name="createDriver" is-config="true" duration-ms="35295" started-at="2021-06-08T20:41:02Z" finished-at="2021-06-08T20:41:37Z">
          <reporter-output>
          </reporter-output>
        </test-method> <!-- createDriver -->
        <test-method status="PASS" signature="profileChanges()[pri:0, instance:testsB.ProfileChanges@47c62251]" name="profileChanges" duration-ms="13256" started-at="2021-06-08T20:41:37Z" finished-at="2021-06-08T20:41:50Z">
          <reporter-output>
          </reporter-output>
        </test-method> <!-- profileChanges -->
      </class> <!-- testsB.ProfileChanges -->
    </test> <!-- Default test -->
  </suite> <!-- Default suite -->
</testng-results>
